# JRE version: OpenJDK Runtime Environment Microsoft-8035246 (17.0.8+7) (build 17.0.8+7-LTS)
# Java VM: OpenJDK 64-Bit Server VM Microsoft-8035246 (17.0.8+7-LTS, mixed mode, sharing, tiered, compressed oops, compressed class ptrs, g1 gc, windows-amd64)
GC Precious Log:
 CPUs: 16 total, 16 available
 Memory: 32175M
 Large Page Support: Disabled
 NUMA Support: Disabled
 Compressed Oops: Enabled (32-bit)
 Heap Region Size: 1M
 Heap Min Capacity: 8M
 Heap Initial Capacity: 504M
 Heap Max Capacity: 2G
 Pre-touch: Disabled
 Parallel Workers: 13
 Concurrent Workers: 3
 Concurrent Refinement Workers: 13
 Periodic GC: Disabled
Heap:
 garbage-first heap   total 249856K, used 219353K [0x0000000080000000, 0x0000000100000000)
  region size 1024K, 19 young (19456K), 2 survivors (2048K)
 Metaspace       used 112863K, committed 114048K, reserved 557056K
  class space    used 15594K, committed 16128K, reserved 425984K
GC Heap History (20 events):
Event: 38.940 GC heap before
{Heap before GC invocations=78 (full 0):
 garbage-first heap   total 249856K, used 210253K [0x0000000080000000, 0x0000000100000000)
  region size 1024K, 36 young (36864K), 5 survivors (5120K)
 Metaspace       used 108926K, committed 110016K, reserved 557056K
  class space    used 15059K, committed 15552K, reserved 425984K
}
Event: 38.946 GC heap after
{Heap after GC invocations=79 (full 0):
 garbage-first heap   total 249856K, used 181982K [0x0000000080000000, 0x0000000100000000)
  region size 1024K, 4 young (4096K), 4 survivors (4096K)
 Metaspace       used 108926K, committed 110016K, reserved 557056K
  class space    used 15059K, committed 15552K, reserved 425984K
}
Event: 39.310 GC heap before
{Heap before GC invocations=79 (full 0):
 garbage-first heap   total 249856K, used 211678K [0x0000000080000000, 0x0000000100000000)
  region size 1024K, 33 young (33792K), 4 survivors (4096K)
 Metaspace       used 109165K, committed 110272K, reserved 557056K
  class space    used 15079K, committed 15616K, reserved 425984K
}
Event: 39.315 GC heap after
{Heap after GC invocations=80 (full 0):
 garbage-first heap   total 249856K, used 185754K [0x0000000080000000, 0x0000000100000000)
  region size 1024K, 4 young (4096K), 4 survivors (4096K)
 Metaspace       used 109165K, committed 110272K, reserved 557056K
  class space    used 15079K, committed 15616K, reserved 425984K
}
Event: 39.984 GC heap before
{Heap before GC invocations=80 (full 0):
 garbage-first heap   total 249856K, used 216474K [0x0000000080000000, 0x0000000100000000)
  region size 1024K, 30 young (30720K), 4 survivors (4096K)
 Metaspace       used 111184K, committed 112256K, reserved 557056K
  class space    used 15260K, committed 15744K, reserved 425984K
}
Event: 39.989 GC heap after
{Heap after GC invocations=81 (full 0):
 garbage-first heap   total 249856K, used 189662K [0x0000000080000000, 0x0000000100000000)
  region size 1024K, 4 young (4096K), 4 survivors (4096K)
 Metaspace       used 111184K, committed 112256K, reserved 557056K
  class space    used 15260K, committed 15744K, reserved 425984K
}
Event: 40.253 GC heap before
{Heap before GC invocations=81 (full 0):
 garbage-first heap   total 249856K, used 212190K [0x0000000080000000, 0x0000000100000000)
  region size 1024K, 27 young (27648K), 4 survivors (4096K)
 Metaspace       used 111955K, committed 113088K, reserved 557056K
  class space    used 15487K, committed 16000K, reserved 425984K
}
Event: 40.258 GC heap after
{Heap after GC invocations=82 (full 0):
 garbage-first heap   total 249856K, used 190982K [0x0000000080000000, 0x0000000100000000)
  region size 1024K, 2 young (2048K), 2 survivors (2048K)
 Metaspace       used 111955K, committed 113088K, reserved 557056K
  class space    used 15487K, committed 16000K, reserved 425984K
}
Event: 40.735 GC heap before
{Heap before GC invocations=82 (full 0):
 garbage-first heap   total 249856K, used 213510K [0x0000000080000000, 0x0000000100000000)
  region size 1024K, 25 young (25600K), 2 survivors (2048K)
 Metaspace       used 112210K, committed 113344K, reserved 557056K
  class space    used 15493K, committed 16000K, reserved 425984K
}
Event: 40.738 GC heap after
{Heap after GC invocations=83 (full 0):
 garbage-first heap   total 249856K, used 191671K [0x0000000080000000, 0x0000000100000000)
  region size 1024K, 3 young (3072K), 3 survivors (3072K)
 Metaspace       used 112210K, committed 113344K, reserved 557056K
  class space    used 15493K, committed 16000K, reserved 425984K
}
Event: 41.220 GC heap before
{Heap before GC invocations=83 (full 0):
 garbage-first heap   total 249856K, used 214199K [0x0000000080000000, 0x0000000100000000)
  region size 1024K, 26 young (26624K), 3 survivors (3072K)
 Metaspace       used 112725K, committed 113856K, reserved 557056K
  class space    used 15584K, committed 16128K, reserved 425984K
}
Event: 41.226 GC heap after
{Heap after GC invocations=84 (full 0):
 garbage-first heap   total 249856K, used 195097K [0x0000000080000000, 0x0000000100000000)
  region size 1024K, 4 young (4096K), 4 survivors (4096K)
 Metaspace       used 112725K, committed 113856K, reserved 557056K
  class space    used 15584K, committed 16128K, reserved 425984K
}
Event: 41.306 GC heap before
{Heap before GC invocations=84 (full 0):
 garbage-first heap   total 249856K, used 214553K [0x0000000080000000, 0x0000000100000000)
  region size 1024K, 24 young (24576K), 4 survivors (4096K)
 Metaspace       used 112805K, committed 113984K, reserved 557056K
  class space    used 15584K, committed 16128K, reserved 425984K
}
Event: 41.310 GC heap after
{Heap after GC invocations=85 (full 0):
 garbage-first heap   total 249856K, used 196993K [0x0000000080000000, 0x0000000100000000)
  region size 1024K, 2 young (2048K), 2 survivors (2048K)
 Metaspace       used 112805K, committed 113984K, reserved 557056K
  class space    used 15584K, committed 16128K, reserved 425984K
}
Event: 41.481 GC heap before
{Heap before GC invocations=85 (full 0):
 garbage-first heap   total 249856K, used 215425K [0x0000000080000000, 0x0000000100000000)
  region size 1024K, 21 young (21504K), 2 survivors (2048K)
 Metaspace       used 112812K, committed 113984K, reserved 557056K
  class space    used 15584K, committed 16128K, reserved 425984K
}
Event: 41.484 GC heap after
{Heap after GC invocations=86 (full 0):
 garbage-first heap   total 249856K, used 198137K [0x0000000080000000, 0x0000000100000000)
  region size 1024K, 2 young (2048K), 2 survivors (2048K)
 Metaspace       used 112812K, committed 113984K, reserved 557056K
  class space    used 15584K, committed 16128K, reserved 425984K
}
Event: 41.761 GC heap before
{Heap before GC invocations=86 (full 0):
 garbage-first heap   total 249856K, used 215545K [0x0000000080000000, 0x0000000100000000)
  region size 1024K, 20 young (20480K), 2 survivors (2048K)
 Metaspace       used 112813K, committed 113984K, reserved 557056K
  class space    used 15585K, committed 16128K, reserved 425984K
}
Event: 41.764 GC heap after
{Heap after GC invocations=87 (full 0):
 garbage-first heap   total 249856K, used 198946K [0x0000000080000000, 0x0000000100000000)
  region size 1024K, 2 young (2048K), 2 survivors (2048K)
 Metaspace       used 112813K, committed 113984K, reserved 557056K
  class space    used 15585K, committed 16128K, reserved 425984K
}
Event: 42.159 GC heap before
{Heap before GC invocations=87 (full 0):
 garbage-first heap   total 249856K, used 217378K [0x0000000080000000, 0x0000000100000000)
  region size 1024K, 21 young (21504K), 2 survivors (2048K)
 Metaspace       used 112813K, committed 113984K, reserved 557056K
  class space    used 15585K, committed 16128K, reserved 425984K
}
Event: 42.163 GC heap after
{Heap after GC invocations=88 (full 0):
 garbage-first heap   total 249856K, used 199897K [0x0000000080000000, 0x0000000100000000)
  region size 1024K, 2 young (2048K), 2 survivors (2048K)
 Metaspace       used 112813K, committed 113984K, reserved 557056K
  class space    used 15585K, committed 16128K, reserved 425984K
}

